before_project/pcAssemblyHelper/app/build/outputs/logs/manifest-merger-debug-report.txt
-- Merging decision tree log ---
manifest
ADDED from src\main\AndroidManifest.xml:2:1-155:12
INJECTED from src\main\AndroidManifest.xml:2:1-155:12
INJECTED from src\main\AndroidManifest.xml:2:1-155:12
INJECTED from src\main\AndroidManifest.xml:2:1-155:12
MERGED from [com.android.support:appcompat-v7:26.0.2] AndroidManifest.xml:17:1-31:12
MERGED from [com.android.support.constraint:constraint-layout:1.0.2] AndroidManifest.xml:2:1-11:12
MERGED from [com.android.support:animated-vector-drawable:26.0.2] AndroidManifest.xml:17:1-28:12
MERGED from [com.android.support:support-vector-drawable:26.0.2] AndroidManifest.xml:17:1-28:12
MERGED from [com.android.support:support-v4:26.0.2] AndroidManifest.xml:17:1-31:12
MERGED from [com.android.support:support-media-compat:26.0.2] AndroidManifest.xml:17:1-31:12
MERGED from [com.android.support:support-fragment:26.0.2] AndroidManifest.xml:17:1-31:12
MERGED from [com.android.support:support-core-utils:26.0.2] AndroidManifest.xml:17:1-31:12
MERGED from [com.android.support:support-core-ui:26.0.2] AndroidManifest.xml:17:1-31:12
MERGED from [com.android.support:support-compat:26.0.2] AndroidManifest.xml:17:1-31:12
INJECTED from src\main\AndroidManifest.xml:2:1-155:12
INJECTED from src\main\AndroidManifest.xml:2:1-155:12
INJECTED from src\main\AndroidManifest.xml:2:1-155:12
	package
		ADDED from src\main\AndroidManifest.xml:3:5-49
		INJECTED from src\main\AndroidManifest.xml
		INJECTED from src\main\AndroidManifest.xml
	android:versionName
		ADDED from src\main\AndroidManifest.xml:5:5-30
		INJECTED from src\main\AndroidManifest.xml
		INJECTED from src\main\AndroidManifest.xml
	xmlns:android
		ADDED from src\main\AndroidManifest.xml:2:11-69
	android:versionCode
		ADDED from src\main\AndroidManifest.xml:4:5-30
		INJECTED from src\main\AndroidManifest.xml
		INJECTED from src\main\AndroidManifest.xml
uses-sdk
ADDED from src\main\AndroidManifest.xml:13:5-15:41
INJECTED from src\main\AndroidManifest.xml:13:5-15:41
INJECTED from src\main\AndroidManifest.xml:13:5-15:41
MERGED from [com.android.support:appcompat-v7:26.0.2] AndroidManifest.xml:21:5-23:78
MERGED from [com.android.support:appcompat-v7:26.0.2] AndroidManifest.xml:21:5-23:78
MERGED from [com.android.support.constraint:constraint-layout:1.0.2] AndroidManifest.xml:5:5-7:41
MERGED from [com.android.support.constraint:constraint-layout:1.0.2] AndroidManifest.xml:5:5-7:41
MERGED from [com.android.support:animated-vector-drawable:26.0.2] AndroidManifest.xml:20:5-44
MERGED from [com.android.support:animated-vector-drawable:26.0.2] AndroidManifest.xml:20:5-44
MERGED from [com.android.support:support-vector-drawable:26.0.2] AndroidManifest.xml:20:5-44
MERGED from [com.android.support:support-vector-drawable:26.0.2] AndroidManifest.xml:20:5-44
MERGED from [com.android.support:support-v4:26.0.2] AndroidManifest.xml:21:5-23:54
MERGED from [com.android.support:support-v4:26.0.2] AndroidManifest.xml:21:5-23:54
MERGED from [com.android.support:support-media-compat:26.0.2] AndroidManifest.xml:21:5-23:63
MERGED from [com.android.support:support-media-compat:26.0.2] AndroidManifest.xml:21:5-23:63
MERGED from [com.android.support:support-fragment:26.0.2] AndroidManifest.xml:21:5-23:60
MERGED from [com.android.support:support-fragment:26.0.2] AndroidManifest.xml:21:5-23:60
MERGED from [com.android.support:support-core-utils:26.0.2] AndroidManifest.xml:21:5-23:61
MERGED from [com.android.support:support-core-utils:26.0.2] AndroidManifest.xml:21:5-23:61
MERGED from [com.android.support:support-core-ui:26.0.2] AndroidManifest.xml:21:5-23:58
MERGED from [com.android.support:support-core-ui:26.0.2] AndroidManifest.xml:21:5-23:58
MERGED from [com.android.support:support-compat:26.0.2] AndroidManifest.xml:21:5-23:58
MERGED from [com.android.support:support-compat:26.0.2] AndroidManifest.xml:21:5-23:58
INJECTED from src\main\AndroidManifest.xml:13:5-15:41
INJECTED from src\main\AndroidManifest.xml:13:5-15:41
	tools:overrideLibrary
		ADDED from [com.android.support:appcompat-v7:26.0.2] AndroidManifest.xml:23:9-75
	android:targetSdkVersion
		ADDED from src\main\AndroidManifest.xml:15:9-38
		INJECTED from src\main\AndroidManifest.xml
		INJECTED from src\main\AndroidManifest.xml
	android:minSdkVersion
		ADDED from src\main\AndroidManifest.xml:14:9-35
		INJECTED from src\main\AndroidManifest.xml
		INJECTED from src\main\AndroidManifest.xml
uses-feature#0x00020000
ADDED from src\main\AndroidManifest.xml:17:5-54
	android:glEsVersion
		ADDED from src\main\AndroidManifest.xml:17:19-51
uses-feature#android.hardware.camera
ADDED from src\main\AndroidManifest.xml:33:5-60
	android:name
		ADDED from src\main\AndroidManifest.xml:33:19-57
uses-permission#android.permission.CAMERA
ADDED from src\main\AndroidManifest.xml:36:5-65
	android:name
		ADDED from src\main\AndroidManifest.xml:36:22-62
uses-permission#android.permission.INTERNET
ADDED from src\main\AndroidManifest.xml:39:5-67
	android:name
		ADDED from src\main\AndroidManifest.xml:39:22-64
uses-permission#android.permission.ACCESS_NETWORK_STATE
ADDED from src\main\AndroidManifest.xml:45:5-79
	android:name
		ADDED from src\main\AndroidManifest.xml:45:22-76
uses-permission#android.permission.READ_EXTERNAL_STORAGE
ADDED from src\main\AndroidManifest.xml:46:5-80
	android:name
		ADDED from src\main\AndroidManifest.xml:46:22-77
uses-permission#android.permission.WRITE_EXTERNAL_STORAGE
ADDED from src\main\AndroidManifest.xml:47:5-81
	android:name
		ADDED from src\main\AndroidManifest.xml:47:22-78
uses-permission#android.permission.READ_PHONE_STATE
ADDED from src\main\AndroidManifest.xml:48:5-75
	android:name
		ADDED from src\main\AndroidManifest.xml:48:22-72
application
ADDED from src\main\AndroidManifest.xml:60:5-153:19
MERGED from [com.android.support:appcompat-v7:26.0.2] AndroidManifest.xml:25:5-29:19
MERGED from [com.android.support:appcompat-v7:26.0.2] AndroidManifest.xml:25:5-29:19
MERGED from [com.android.support.constraint:constraint-layout:1.0.2] AndroidManifest.xml:9:5-20
MERGED from [com.android.support.constraint:constraint-layout:1.0.2] AndroidManifest.xml:9:5-20
MERGED from [com.android.support:animated-vector-drawable:26.0.2] AndroidManifest.xml:22:5-26:19
MERGED from [com.android.support:animated-vector-drawable:26.0.2] AndroidManifest.xml:22:5-26:19
MERGED from [com.android.support:support-vector-drawable:26.0.2] AndroidManifest.xml:22:5-26:19
MERGED from [com.android.support:support-vector-drawable:26.0.2] AndroidManifest.xml:22:5-26:19
MERGED from [com.android.support:support-v4:26.0.2] AndroidManifest.xml:25:5-29:19
MERGED from [com.android.support:support-v4:26.0.2] AndroidManifest.xml:25:5-29:19
MERGED from [com.android.support:support-media-compat:26.0.2] AndroidManifest.xml:25:5-29:19
MERGED from [com.android.support:support-media-compat:26.0.2] AndroidManifest.xml:25:5-29:19
MERGED from [com.android.support:support-fragment:26.0.2] AndroidManifest.xml:25:5-29:19
MERGED from [com.android.support:support-fragment:26.0.2] AndroidManifest.xml:25:5-29:19
MERGED from [com.android.support:support-core-utils:26.0.2] AndroidManifest.xml:25:5-29:19
MERGED from [com.android.support:support-core-utils:26.0.2] AndroidManifest.xml:25:5-29:19
MERGED from [com.android.support:support-core-ui:26.0.2] AndroidManifest.xml:25:5-29:19
MERGED from [com.android.support:support-core-ui:26.0.2] AndroidManifest.xml:25:5-29:19
MERGED from [com.android.support:support-compat:26.0.2] AndroidManifest.xml:25:5-29:19
MERGED from [com.android.support:support-compat:26.0.2] AndroidManifest.xml:25:5-29:19
	android:label
		ADDED from src\main\AndroidManifest.xml:64:9-41
	android:launchMode
		ADDED from src\main\AndroidManifest.xml:65:9-40
	android:icon
		ADDED from src\main\AndroidManifest.xml:63:9-38
	android:allowBackup
		ADDED from src\main\AndroidManifest.xml:61:9-35
	android:description
		ADDED from src\main\AndroidManifest.xml:62:9-54
	android:theme
		ADDED from src\main\AndroidManifest.xml:66:9-47
activity#com.vuforia.samples.VuforiaSamples.MainSplash
ADDED from src\main\AndroidManifest.xml:67:9-74:20
	android:screenOrientation
		ADDED from src\main\AndroidManifest.xml:69:13-49
	android:theme
		ADDED from src\main\AndroidManifest.xml:70:13-51
	android:name
		ADDED from src\main\AndroidManifest.xml:68:13-39
activity#com.vuforia.samples.VuforiaSamples.ui.ActivityList.ActivitySplashScreen
ADDED from src\main\AndroidManifest.xml:75:9-85:20
	android:screenOrientation
		ADDED from src\main\AndroidManifest.xml:79:13-49
	android:noHistory
		ADDED from src\main\AndroidManifest.xml:78:13-37
	android:configChanges
		ADDED from src\main\AndroidManifest.xml:77:13-93
	android:name
		ADDED from src\main\AndroidManifest.xml:76:13-65
intent-filter#android.intent.action.MAIN+android.intent.category.LAUNCHER
ADDED from src\main\AndroidManifest.xml:80:13-84:29
action#android.intent.action.MAIN
ADDED from src\main\AndroidManifest.xml:81:17-69
	android:name
		ADDED from src\main\AndroidManifest.xml:81:25-66
category#android.intent.category.LAUNCHER
ADDED from src\main\AndroidManifest.xml:83:17-77
	android:name
		ADDED from src\main\AndroidManifest.xml:83:27-74
activity#com.vuforia.samples.VuforiaSamples.ui.ActivityList.ActivityLauncher
ADDED from src\main\AndroidManifest.xml:86:9-89:52
	android:screenOrientation
		ADDED from src\main\AndroidManifest.xml:89:13-49
	android:configChanges
		ADDED from src\main\AndroidManifest.xml:88:13-93
	android:name
		ADDED from src\main\AndroidManifest.xml:87:13-61
activity#com.vuforia.samples.VuforiaSamples.ui.ActivityList.AboutScreen
ADDED from src\main\AndroidManifest.xml:90:9-94:52
	android:screenOrientation
		ADDED from src\main\AndroidManifest.xml:94:13-49
	android:noHistory
		ADDED from src\main\AndroidManifest.xml:93:13-37
	android:configChanges
		ADDED from src\main\AndroidManifest.xml:92:13-93
	android:name
		ADDED from src\main\AndroidManifest.xml:91:13-56
activity#com.vuforia.samples.VuforiaSamples.app.ImageTargets.ImageTargets
ADDED from src\main\AndroidManifest.xml:95:9-99:54
	android:launchMode
		ADDED from src\main\AndroidManifest.xml:98:13-44
	android:configChanges
		ADDED from src\main\AndroidManifest.xml:97:13-93
	android:theme
		ADDED from src\main\AndroidManifest.xml:99:13-51
	android:name
		ADDED from src\main\AndroidManifest.xml:96:13-58
activity#com.vuforia.samples.VuforiaSamples.app.VuMark.VuMark
ADDED from src\main\AndroidManifest.xml:100:9-104:54
	android:launchMode
		ADDED from src\main\AndroidManifest.xml:103:13-44
	android:configChanges
		ADDED from src\main\AndroidManifest.xml:102:13-93
	android:theme
		ADDED from src\main\AndroidManifest.xml:104:13-51
	android:name
		ADDED from src\main\AndroidManifest.xml:101:13-46
activity#com.vuforia.samples.VuforiaSamples.app.TextRecognition.TextReco
ADDED from src\main\AndroidManifest.xml:105:9-109:54
	android:launchMode
		ADDED from src\main\AndroidManifest.xml:108:13-44
	android:configChanges
		ADDED from src\main\AndroidManifest.xml:107:13-93
	android:theme
		ADDED from src\main\AndroidManifest.xml:109:13-51
	android:name
		ADDED from src\main\AndroidManifest.xml:106:13-57
activity#com.vuforia.samples.VuforiaSamples.app.CylinderTargets.CylinderTargets
ADDED from src\main\AndroidManifest.xml:110:9-114:54
	android:launchMode
		ADDED from src\main\AndroidManifest.xml:113:13-44
	android:configChanges
		ADDED from src\main\AndroidManifest.xml:112:13-93
	android:theme
		ADDED from src\main\AndroidManifest.xml:114:13-51
	android:name
		ADDED from src\main\AndroidManifest.xml:111:13-64
activity#com.vuforia.samples.VuforiaSamples.app.VirtualButtons.VirtualButtons
ADDED from src\main\AndroidManifest.xml:115:9-119:54
	android:launchMode
		ADDED from src\main\AndroidManifest.xml:118:13-44
	android:configChanges
		ADDED from src\main\AndroidManifest.xml:117:13-93
	android:theme
		ADDED from src\main\AndroidManifest.xml:119:13-51
	android:name
		ADDED from src\main\AndroidManifest.xml:116:13-62
activity#com.vuforia.samples.VuforiaSamples.app.UserDefinedTargets.UserDefinedTargets
ADDED from src\main\AndroidManifest.xml:120:9-124:54
	android:launchMode
		ADDED from src\main\AndroidManifest.xml:123:13-44
	android:configChanges
		ADDED from src\main\AndroidManifest.xml:122:13-93
	android:theme
		ADDED from src\main\AndroidManifest.xml:124:13-51
	android:name
		ADDED from src\main\AndroidManifest.xml:121:13-70
activity#com.vuforia.samples.VuforiaSamples.app.MultiTargets.MultiTargets
ADDED from src\main\AndroidManifest.xml:125:9-129:54
	android:launchMode
		ADDED from src\main\AndroidManifest.xml:128:13-44
	android:configChanges
		ADDED from src\main\AndroidManifest.xml:127:13-93
	android:theme
		ADDED from src\main\AndroidManifest.xml:129:13-51
	android:name
		ADDED from src\main\AndroidManifest.xml:126:13-58
activity#com.vuforia.samples.VuforiaSamples.app.CloudRecognition.CloudReco
ADDED from src\main\AndroidManifest.xml:130:9-134:54
	android:launchMode
		ADDED from src\main\AndroidManifest.xml:133:13-44
	android:configChanges
		ADDED from src\main\AndroidManifest.xml:132:13-93
	android:theme
		ADDED from src\main\AndroidManifest.xml:134:13-51
	android:name
		ADDED from src\main\AndroidManifest.xml:131:13-59
activity#com.vuforia.samples.VuforiaSamples.app.ObjectRecognition.ObjectTargets
ADDED from src\main\AndroidManifest.xml:135:9-139:54
	android:launchMode
		ADDED from src\main\AndroidManifest.xml:138:13-44
	android:configChanges
		ADDED from src\main\AndroidManifest.xml:137:13-93
	android:theme
		ADDED from src\main\AndroidManifest.xml:139:13-51
	android:name
		ADDED from src\main\AndroidManifest.xml:136:13-64
activity#com.vuforia.samples.VuforiaSamples.MainActivity
ADDED from src\main\AndroidManifest.xml:140:9-142:46
	android:theme
		ADDED from src\main\AndroidManifest.xml:142:13-43
	android:name
		ADDED from src\main\AndroidManifest.xml:141:13-41
activity#com.vuforia.samples.VuforiaSamples.SelectPart
ADDED from src\main\AndroidManifest.xml:143:9-145:46
	android:theme
		ADDED from src\main\AndroidManifest.xml:145:13-43
	android:name
		ADDED from src\main\AndroidManifest.xml:144:13-39
activity#com.vuforia.samples.VuforiaSamples.RegistrationPart
ADDED from src\main\AndroidManifest.xml:146:9-148:46
	android:theme
		ADDED from src\main\AndroidManifest.xml:148:13-43
	android:name
		ADDED from src\main\AndroidManifest.xml:147:13-45
activity#com.vuforia.samples.VuforiaSamples.Assembly
ADDED from src\main\AndroidManifest.xml:149:9-151:46
	android:theme
		ADDED from src\main\AndroidManifest.xml:151:13-43
	android:name
		ADDED from src\main\AndroidManifest.xml:150:13-37
activity#com.vuforia.samples.VuforiaSamples.ARmain
ADDED from src\main\AndroidManifest.xml:152:9-53
	android:name
		ADDED from src\main\AndroidManifest.xml:152:19-41
meta-data#android.support.VERSION
ADDED from [com.android.support:appcompat-v7:26.0.2] AndroidManifest.xml:26:9-28:38
MERGED from [com.android.support:animated-vector-drawable:26.0.2] AndroidManifest.xml:23:9-25:38
MERGED from [com.android.support:animated-vector-drawable:26.0.2] AndroidManifest.xml:23:9-25:38
MERGED from [com.android.support:support-vector-drawable:26.0.2] AndroidManifest.xml:23:9-25:38
MERGED from [com.android.support:support-vector-drawable:26.0.2] AndroidManifest.xml:23:9-25:38
MERGED from [com.android.support:support-v4:26.0.2] AndroidManifest.xml:26:9-28:38
MERGED from [com.android.support:support-v4:26.0.2] AndroidManifest.xml:26:9-28:38
MERGED from [com.android.support:support-media-compat:26.0.2] AndroidManifest.xml:26:9-28:38
MERGED from [com.android.support:support-media-compat:26.0.2] AndroidManifest.xml:26:9-28:38
MERGED from [com.android.support:support-fragment:26.0.2] AndroidManifest.xml:26:9-28:38
MERGED from [com.android.support:support-fragment:26.0.2] AndroidManifest.xml:26:9-28:38
MERGED from [com.android.support:support-core-utils:26.0.2] AndroidManifest.xml:26:9-28:38
MERGED from [com.android.support:support-core-utils:26.0.2] AndroidManifest.xml:26:9-28:38
MERGED from [com.android.support:support-core-ui:26.0.2] AndroidManifest.xml:26:9-28:38
MERGED from [com.android.support:support-core-ui:26.0.2] AndroidManifest.xml:26:9-28:38
MERGED from [com.android.support:support-compat:26.0.2] AndroidManifest.xml:26:9-28:38
MERGED from [com.android.support:support-compat:26.0.2] AndroidManifest.xml:26:9-28:38
	android:value
		ADDED from [com.android.support:appcompat-v7:26.0.2] AndroidManifest.xml:28:13-35
	android:name
		ADDED from [com.android.support:appcompat-v7:26.0.2] AndroidManifest.xml:27:13-51